<?xml version="1.0" encoding="UTF-8"?>
<!-- Generated by org.testng.reporters.JUnitReportReporter -->
<testsuite hostname="LAPTOP-FULFC865" failures="0" tests="2" name="TestCases.TestngSampleTest" time="9.538" errors="0" timestamp="2023-11-30T16:43:01 IST" skipped="0">
  <testcase classname="TestCases.TestngSampleTest" name="test1" time="3.381"/>
  <system-out/>
  <testcase classname="TestCases.TestngSampleTest" name="test2" time="6.157"/>
  <system-out/>
</testsuite> <!-- TestCases.TestngSampleTest -->
