<?xml version="1.0" encoding="UTF-8"?>
<!-- Generated by org.testng.reporters.JUnitReportReporter -->
<testsuite hostname="LAPTOP-FULFC865" failures="0" tests="2" name="TestCases.TestngSampleTest1" time="10.568" errors="0" timestamp="2023-11-30T18:16:14 IST" skipped="0">
  <testcase classname="TestCases.TestngSampleTest1" name="test1" time="7.384"/>
  <system-out/>
  <testcase classname="TestCases.TestngSampleTest1" name="test2" time="3.184"/>
  <system-out/>
</testsuite> <!-- TestCases.TestngSampleTest1 -->
