<?xml version="1.0" encoding="UTF-8"?>
<!-- Generated by org.testng.reporters.JUnitReportReporter -->
<testsuite hostname="LAPTOP-FULFC865" failures="0" tests="2" name="TestCases.TestngSampleTest" time="7.256" errors="0" timestamp="2023-11-30T16:44:27 IST" skipped="0">
  <testcase classname="TestCases.TestngSampleTest" name="test2" time="4.372"/>
  <system-out/>
  <testcase classname="TestCases.TestngSampleTest" name="test1" time="2.884"/>
  <system-out/>
</testsuite> <!-- TestCases.TestngSampleTest -->
